#
# A fatal error has been detected by the Java Runtime Environment:
#
#  EXCEPTION_ACCESS_VIOLATION (0xc0000005) at pc=0x00000000778982b5, pid=9192, tid=6532
#
# JRE version: Java(TM) SE Runtime Environment (8.0_45-b15) (build 1.8.0_45-b15)
# Java VM: Java HotSpot(TM) 64-Bit Server VM (25.45-b02 mixed mode windows-amd64 compressed oops)
# Problematic frame:
# V  [jvm.dll+0x1282b5]
#
# Failed to write core dump. Minidumps are not enabled by default on client versions of Windows
#
# If you would like to submit a bug report, please visit:
#   http://bugreport.java.com/bugreport/crash.jsp
#

---------------  T H R E A D  ---------------

Current thread (0x00000000089d9000):  JavaThread "JDWP Transport Listener: dt_socket" daemon [_thread_in_vm, id=6532, stack(0x000000000a210000,0x000000000a310000)]

siginfo: ExceptionCode=0xc0000005, reading address 0xffffffffffffffff

Registers:
RAX=0x000000000a30f201, RBX=0x00000000089d9000, RCX=0x65747379532f676e, RDX=0x0000000000000000
RSP=0x000000000a30f1f0, RBP=0x65747379532f676e, RSI=0x000000000a30f308, RDI=0x0000000001429180
R8 =0x00000000089d9000, R9 =0x0000000000008000, R10=0x0000000000000000, R11=0x000000000a30f441
R12=0x0000000000000000, R13=0x00000000089e2028, R14=0x0000000000000000, R15=0x0000000000000000
RIP=0x00000000778982b5, EFLAGS=0x0000000000010202

Top of Stack: (sp=0x000000000a30f1f0)
0x000000000a30f1f0:   00000000089d9000 00000000089d9000
0x000000000a30f200:   000000000a30f2b8 0000000077a9c7db
0x000000000a30f210:   00000000089d9000 0000000077ab903d
0x000000000a30f220:   0000000000000000 0000000050799155
0x000000000a30f230:   00000000089f7100 00000000507a291e
0x000000000a30f240:   00000000089d9000 0000000000000000
0x000000000a30f250:   0000000000000000 0000000000000000
0x000000000a30f260:   65747379532f676e 00000000507a1a15
0x000000000a30f270:   000000000a30f308 000000000a30f2e0
0x000000000a30f280:   0000000000000001 00000000089f7100
0x000000000a30f290:   65747379532f676e 00000000507853b3
0x000000000a30f2a0:   000000000a30f3d0 0000000000000001
0x000000000a30f2b0:   0000000000000001 00000000089f7100
0x000000000a30f2c0:   0000000000000001 0000000000000000
0x000000000a30f2d0:   0000000000000000 0000000000000000
0x000000000a30f2e0:   0000000000000001 0000000050785571 

Instructions: (pc=0x00000000778982b5)
0x0000000077898295:   cc cc cc cc cc cc cc cc cc cc cc 48 83 ec 28 48
0x00000000778982a5:   85 c9 75 07 33 c0 48 83 c4 28 c3 48 89 5c 24 20
0x00000000778982b5:   48 8b 19 48 85 db 74 20 48 83 fb 37 74 1a 48 8b
0x00000000778982c5:   13 48 8b cb ff 52 10 84 c0 74 0d 48 8b c3 48 8b 


Register to memory mapping:

RAX=0x000000000a30f201 is pointing into the stack for thread: 0x00000000089d9000
RBX=0x00000000089d9000 is a thread
RCX=0x65747379532f676e is an unknown value
RDX=0x0000000000000000 is an unknown value
RSP=0x000000000a30f1f0 is pointing into the stack for thread: 0x00000000089d9000
RBP=0x65747379532f676e is an unknown value
RSI=0x000000000a30f308 is pointing into the stack for thread: 0x00000000089d9000
RDI=0x0000000001429180 is an unknown value
R8 =0x00000000089d9000 is a thread
R9 =0x0000000000008000 is an unknown value
R10=0x0000000000000000 is an unknown value
R11=0x000000000a30f441 is pointing into the stack for thread: 0x00000000089d9000
R12=0x0000000000000000 is an unknown value
R13=0x00000000089e2028 is an unknown value
R14=0x0000000000000000 is an unknown value
R15=0x0000000000000000 is an unknown value


Stack: [0x000000000a210000,0x000000000a310000],  sp=0x000000000a30f1f0,  free space=1020k
Native frames: (J=compiled Java code, j=interpreted, Vv=VM code, C=native code)
V  [jvm.dll+0x1282b5]
V  [jvm.dll+0x34903d]
C  [jdwp.dll+0x21a15]
C  [jdwp.dll+0x53b3]
C  [jdwp.dll+0x5571]
C  [jdwp.dll+0xf0a8]
C  [jdwp.dll+0x1f2d5]
C  [jdwp.dll+0x1f4aa]
V  [jvm.dll+0x1bae98]
V  [jvm.dll+0x241984]
V  [jvm.dll+0x29853a]
C  [msvcr100.dll+0x21d9f]
C  [msvcr100.dll+0x21e3b]
C  [KERNEL32.DLL+0x13d2]
C  [ntdll.dll+0x15444]


---------------  P R O C E S S  ---------------

Java Threads: ( => current thread )
  0x000000000a74e000 JavaThread "Service Thread" daemon [_thread_blocked, id=4404, stack(0x000000000ac10000,0x000000000ad10000)]
  0x0000000008a2d000 JavaThread "C1 CompilerThread2" daemon [_thread_blocked, id=11944, stack(0x000000000ab10000,0x000000000ac10000)]
  0x0000000008a02000 JavaThread "C2 CompilerThread1" daemon [_thread_blocked, id=10188, stack(0x000000000a610000,0x000000000a710000)]
  0x00000000089f8000 JavaThread "C2 CompilerThread0" daemon [_thread_blocked, id=11876, stack(0x000000000a510000,0x000000000a610000)]
  0x00000000089e8000 JavaThread "JDWP Command Reader" daemon [_thread_in_native, id=11336, stack(0x000000000a410000,0x000000000a510000)]
  0x00000000089e7000 JavaThread "JDWP Event Helper Thread" daemon [_thread_blocked, id=2540, stack(0x000000000a310000,0x000000000a410000)]
=>0x00000000089d9000 JavaThread "JDWP Transport Listener: dt_socket" daemon [_thread_in_vm, id=6532, stack(0x000000000a210000,0x000000000a310000)]
  0x00000000089cc000 JavaThread "Attach Listener" daemon [_thread_blocked, id=11588, stack(0x0000000009e30000,0x0000000009f30000)]
  0x00000000089cb800 JavaThread "Signal Dispatcher" daemon [_thread_blocked, id=6644, stack(0x0000000009d30000,0x0000000009e30000)]
  0x0000000003197000 JavaThread "Finalizer" daemon [_thread_blocked, id=2124, stack(0x0000000009c30000,0x0000000009d30000)]
  0x000000000318e000 JavaThread "Reference Handler" daemon [_thread_blocked, id=5268, stack(0x0000000009b30000,0x0000000009c30000)]
  0x000000000142e000 JavaThread "main" [_thread_in_native, id=11460, stack(0x0000000002f70000,0x0000000003070000)]

Other Threads:
  0x0000000008997800 VMThread [stack: 0x0000000009a30000,0x0000000009b30000] [id=5244]
  0x000000000a750800 WatcherThread [stack: 0x000000000ad10000,0x000000000ae10000] [id=11888]

VM state:not at safepoint (normal execution)

VM Mutex/Monitor currently owned by a thread: None

Heap:
 PSYoungGen      total 36352K, used 3123K [0x00000000d7980000, 0x00000000da200000, 0x0000000100000000)
  eden space 31232K, 10% used [0x00000000d7980000,0x00000000d7c8cd98,0x00000000d9800000)
  from space 5120K, 0% used [0x00000000d9d00000,0x00000000d9d00000,0x00000000da200000)
  to   space 5120K, 0% used [0x00000000d9800000,0x00000000d9800000,0x00000000d9d00000)
 ParOldGen       total 83456K, used 0K [0x0000000086c00000, 0x000000008bd80000, 0x00000000d7980000)
  object space 83456K, 0% used [0x0000000086c00000,0x0000000086c00000,0x000000008bd80000)
 Metaspace       used 3561K, capacity 4714K, committed 4864K, reserved 1056768K
  class space    used 413K, capacity 466K, committed 512K, reserved 1048576K

Card table byte_map: [0x0000000003560000,0x0000000003930000] byte_map_base: 0x000000000312a000

Marking Bits: (ParMarkBitMap*) 0x0000000077f74040
 Begin Bits: [0x0000000003fc0000, 0x0000000005e10000)
 End Bits:   [0x0000000005e10000, 0x0000000007c60000)

Polling page: 0x00000000013c0000

CodeCache: size=245760Kb used=1232Kb max_used=1236Kb free=244527Kb
 bounds [0x000000000f010000, 0x000000000f280000, 0x000000001e010000]
 total_blobs=321 nmethods=79 adapters=163
 compilation: enabled

Compilation events (10 events):
Event: 0.273 Thread 0x0000000008a2d000   75       3       java.util.concurrent.ConcurrentHashMap::casTabAt (20 bytes)
Event: 0.273 Thread 0x0000000008a2d000 nmethod 75 0x000000000f13e810 code [0x000000000f13e960, 0x000000000f13ead0]
Event: 0.273 Thread 0x0000000008a2d000   76       1       java.lang.ref.Reference::get (5 bytes)
Event: 0.274 Thread 0x0000000008a2d000 nmethod 76 0x000000000f13e510 code [0x000000000f13e660, 0x000000000f13e770]
Event: 0.274 Thread 0x0000000008a2d000   78       3       java.util.concurrent.ConcurrentHashMap$Node::<init> (26 bytes)
Event: 0.274 Thread 0x0000000008a2d000 nmethod 78 0x000000000f145850 code [0x000000000f1459a0, 0x000000000f145b90]
Event: 0.274 Thread 0x0000000008a2d000   77       1       java.net.URL::getHost (5 bytes)
Event: 0.274 Thread 0x0000000008a2d000 nmethod 77 0x000000000f145590 code [0x000000000f1456e0, 0x000000000f1457f0]
Event: 0.276 Thread 0x0000000008a2d000   79       1       java.nio.Buffer::position (5 bytes)
Event: 0.276 Thread 0x0000000008a2d000 nmethod 79 0x000000000f144650 code [0x000000000f1447a0, 0x000000000f1448b0]

GC Heap History (0 events):
No events

Deoptimization events (0 events):
No events

Internal exceptions (6 events):
Event: 0.044 Thread 0x000000000142e000 Exception <a 'java/lang/NoSuchMethodError': Method sun.misc.Unsafe.defineClass(Ljava/lang/String;[BII)Ljava/lang/Class; name or signature does not match> (0x00000000d7992c40) thrown at [C:\re\workspace\8-2-build-windows-amd64-cygwin\jdk8u45\3627\hotspot\srèıàZà¶?
Event: 0.044 Thread 0x000000000142e000 Exception <a 'java/lang/NoSuchMethodError': Method sun.misc.Unsafe.prefetchRead(Ljava/lang/Object;J)V name or signature does not match> (0x00000000d7992ed0) thrown at [C:\re\workspace\8-2-build-windows-amd64-cygwin\jdk8u45\3627\hotspot\src\share\vm\prims\j{VÇUºgŒ?
Event: 0.238 Thread 0x000000000142e000 Exception <a 'java/security/PrivilegedActionException'> (0x00000000d7bf2720) thrown at [C:\re\workspace\8-2-build-windows-amd64-cygwin\jdk8u45\3627\hotspot\src\share\vm\prims\jvm.cpp, line 1382]
Event: 0.238 Thread 0x000000000142e000 Exception <a 'java/security/PrivilegedActionException'> (0x00000000d7bf2a68) thrown at [C:\re\workspace\8-2-build-windows-amd64-cygwin\jdk8u45\3627\hotspot\src\share\vm\prims\jvm.cpp, line 1382]
Event: 0.239 Thread 0x000000000142e000 Exception <a 'java/security/PrivilegedActionException'> (0x00000000d7bf66f0) thrown at [C:\re\workspace\8-2-build-windows-amd64-cygwin\jdk8u45\3627\hotspot\src\share\vm\prims\jvm.cpp, line 1382]
Event: 0.239 Thread 0x000000000142e000 Exception <a 'java/security/PrivilegedActionException'> (0x00000000d7bf6a38) thrown at [C:\re\workspace\8-2-build-windows-amd64-cygwin\jdk8u45\3627\hotspot\src\share\vm\prims\jvm.cpp, line 1382]

Events (10 events):
Event: 542.626 Executing VM operation: RedefineClasses
Event: 542.626 Executing VM operation: RedefineClasses done
Event: 542.632 Executing VM operation: ChangeBreakpoints
Event: 542.632 Executing VM operation: ChangeBreakpoints done
Event: 2447.410 Executing VM operation: RedefineClasses
Event: 2447.412 Executing VM operation: RedefineClasses done
Event: 2447.424 Executing VM operation: ChangeBreakpoints
Event: 2447.424 Executing VM operation: ChangeBreakpoints done
Event: 4180.591 Executing VM operation: RedefineClasses
Event: 4180.591 Executing VM operation: RedefineClasses done


Dynamic libraries:
0x00007ff7f3000000 - 0x00007ff7f3037000 	C:\Program Files\Java\jre1.8.0_45\bin\javaw.exe
0x00007ffda05c0000 - 0x00007ffda076c000 	C:\Windows\SYSTEM32\ntdll.dll
0x00007ffd9ca70000 - 0x00007ffd9cbae000 	C:\Windows\system32\KERNEL32.DLL
0x00007ffd9c840000 - 0x00007ffd9c955000 	C:\Windows\system32\KERNELBASE.dll
0x00007ffd9b100000 - 0x00007ffd9b18e000 	C:\Windows\system32\apphelp.dll
0x00007ffd73060000 - 0x00007ffd730b3000 	C:\Windows\AppPatch\AppPatch64\AcGenral.DLL
0x00007ffd9d780000 - 0x00007ffd9d82a000 	C:\Windows\system32\msvcrt.dll
0x00007ffd9c2b0000 - 0x00007ffd9c2de000 	C:\Windows\SYSTEM32\SspiCli.dll
0x00007ffd9d490000 - 0x00007ffd9d4e4000 	C:\Windows\system32\SHLWAPI.dll
0x00007ffd9cc70000 - 0x00007ffd9cde7000 	C:\Windows\system32\USER32.dll
0x00007ffd9d9e0000 - 0x00007ffd9db74000 	C:\Windows\system32\ole32.dll
0x00007ffd9dec0000 - 0x00007ffd9f3d8000 	C:\Windows\system32\SHELL32.dll
0x00007ffd9ba40000 - 0x00007ffd9ba61000 	C:\Windows\SYSTEM32\USERENV.dll
0x00007ffd9db80000 - 0x00007ffd9dc2a000 	C:\Windows\system32\ADVAPI32.dll
0x00007ffd91b70000 - 0x00007ffd91b8e000 	C:\Windows\SYSTEM32\MPR.dll
0x00007ffd9cf80000 - 0x00007ffd9d0c1000 	C:\Windows\system32\RPCRT4.dll
0x00007ffd9d4f0000 - 0x00007ffd9d549000 	C:\Windows\SYSTEM32\sechost.dll
0x00007ffd9d550000 - 0x00007ffd9d761000 	C:\Windows\SYSTEM32\combase.dll
0x00007ffd9d0d0000 - 0x00007ffd9d221000 	C:\Windows\system32\GDI32.dll
0x00007ffd9c530000 - 0x00007ffd9c545000 	C:\Windows\SYSTEM32\profapi.dll
0x00007ffd9ad90000 - 0x00007ffd9ae42000 	C:\Windows\SYSTEM32\SHCORE.dll
0x00007ffd9de80000 - 0x00007ffd9deb6000 	C:\Windows\system32\IMM32.DLL
0x00007ffd9dc50000 - 0x00007ffd9dda2000 	C:\Windows\system32\MSCTF.dll
0x00007ffd9c4e0000 - 0x00007ffd9c512000 	C:\Windows\system32\nvinitx.dll
0x00007ffd9c4d0000 - 0x00007ffd9c4da000 	C:\Windows\SYSTEM32\VERSION.dll
0x000000000f000000 - 0x000000000f006000 	C:\Program Files\NVIDIA Corporation\CoProcManager\_etoured.dll
0x00007ffd99d20000 - 0x00007ffd99d52000 	C:\Program Files\NVIDIA Corporation\CoProcManager\nvd3d9wrapx.dll
0x00007ffd9d2a0000 - 0x00007ffd9d47a000 	C:\Windows\system32\SETUPAPI.dll
0x00007ffd9ca10000 - 0x00007ffd9ca5f000 	C:\Windows\system32\CFGMGR32.dll
0x00007ffd99cf0000 - 0x00007ffd99d12000 	C:\Program Files\NVIDIA Corporation\CoProcManager\nvdxgiwrapx.dll
0x00007ffd9a8e0000 - 0x00007ffd9ab5a000 	C:\Windows\WinSxS\amd64_microsoft.windows.common-controls_6595b64144ccf1df_6.0.9600.17810_none_6240b9c7ecbd0bda\COMCTL32.dll
0x00007ffd7fc40000 - 0x00007ffd7fccd000 	C:\Program Files (x86)\AVG\AVG2015\avghooka.dll
0x0000000076840000 - 0x0000000076912000 	C:\Program Files\Java\jre1.8.0_45\bin\msvcr100.dll
0x0000000077770000 - 0x0000000077ff3000 	C:\Program Files\Java\jre1.8.0_45\bin\server\jvm.dll
0x00007ffd99e00000 - 0x00007ffd99e09000 	C:\Windows\SYSTEM32\WSOCK32.dll
0x00007ffd99680000 - 0x00007ffd996a2000 	C:\Windows\SYSTEM32\WINMM.dll
0x00007ffd9de70000 - 0x00007ffd9de77000 	C:\Windows\system32\PSAPI.DLL
0x00007ffd9de10000 - 0x00007ffd9de6a000 	C:\Windows\system32\WS2_32.dll
0x00007ffd99650000 - 0x00007ffd9967a000 	C:\Windows\SYSTEM32\WINMMBASE.dll
0x00007ffd9d770000 - 0x00007ffd9d779000 	C:\Windows\system32\NSI.dll
0x00007ffd9b300000 - 0x00007ffd9b328000 	C:\Windows\SYSTEM32\DEVOBJ.dll
0x0000000051bd0000 - 0x0000000051bdf000 	C:\Program Files\Java\jre1.8.0_45\bin\verify.dll
0x0000000051ba0000 - 0x0000000051bc9000 	C:\Program Files\Java\jre1.8.0_45\bin\java.dll
0x0000000050780000 - 0x00000000507b5000 	C:\Program Files\Java\jre1.8.0_45\bin\jdwp.dll
0x0000000051b00000 - 0x0000000051b08000 	C:\Program Files\Java\jre1.8.0_45\bin\npt.dll
0x0000000051b80000 - 0x0000000051b96000 	C:\Program Files\Java\jre1.8.0_45\bin\zip.dll
0x0000000050770000 - 0x0000000050779000 	C:\Program Files\Java\jre1.8.0_45\bin\dt_socket.dll
0x00007ffd74930000 - 0x00007ffd74945000 	C:\Windows\system32\napinsp.dll
0x00007ffd75360000 - 0x00007ffd7537a000 	C:\Windows\system32\pnrpnsp.dll
0x00007ffd96e10000 - 0x00007ffd96e2b000 	C:\Windows\system32\NLAapi.dll
0x00007ffd9bcf0000 - 0x00007ffd9bd49000 	C:\Windows\System32\mswsock.dll
0x00007ffd9bab0000 - 0x00007ffd9bb54000 	C:\Windows\SYSTEM32\DNSAPI.dll
0x00007ffd74f90000 - 0x00007ffd74f9d000 	C:\Windows\System32\winrnr.dll
0x00007ffd74f70000 - 0x00007ffd74f84000 	C:\Windows\system32\wshbth.dll
0x00007ffd942c0000 - 0x00007ffd9432b000 	C:\Windows\System32\fwpuclnt.dll
0x00007ffd98070000 - 0x00007ffd9807a000 	C:\Windows\System32\rasadhlp.dll
0x00007ffd92270000 - 0x00007ffd923f9000 	C:\Windows\SYSTEM32\dbghelp.dll

VM Arguments:
jvm_args: -agentlib:jdwp=transport=dt_socket,suspend=y,address=localhost:52905 -Dfile.encoding=Cp1251 
java_command: com.vmware.edu.interpret.reference_refactoring.CmdInterpreter
java_class_path (initial): E:\VMware\projects\afilipov_home\week2_day2_IO\interpret_edu\bin
Launcher Type: SUN_STANDARD

Environment Variables:
PATH=C:/Program Files/Java/jre1.8.0_45/bin/server;C:/Program Files/Java/jre1.8.0_45/bin;C:/Program Files/Java/jre1.8.0_45/lib/amd64;C:\ProgramData\Oracle\Java\javapath;C:\Program Files (x86)\NVIDIA Corporation\PhysX\Common;C:\Program Files (x86)\Intel\iCLS Client\;C:\Program Files\Intel\iCLS Client\;C:\Program Files\Broadcom\Broadcom 802.11 Network Adapter;C:\Windows\system32;C:\Windows;C:\Windows\System32\Wbem;C:\Windows\System32\WindowsPowerShell\v1.0\;C:\Program Files\Lenovo\Bluetooth Software\;C:\Program Files\Lenovo\Bluetooth Software\syswow64;C:\Program Files (x86)\Intel\OpenCL SDK\2.0\bin\x86;C:\Program Files (x86)\Intel\OpenCL SDK\2.0\bin\x64;C:\Program Files\Intel\Intel(R) Management Engine Components\DAL;C:\Program Files\Intel\Intel(R) Management Engine Components\IPT;C:\Program Files (x86)\Intel\Intel(R) Management Engine Components\DAL;C:\Program Files (x86)\Intel\Intel(R) Management Engine Components\IPT;C:\Program Files (x86)\Windows Kits\8.1\Windows Performance Toolkit\;C:\Program Files\Microsoft SQL Server\110\Tools\Binn\;C:\Program Files (x86)\Lenovo\Password Manager\;C:\Program Files (x86)\Clean Project\;C:\Program Files\Microsoft SQL Server\120\DTS\Binn\;C:\Program Files\Microsoft SQL Server\Client SDK\ODBC\110\Tools\Binn\;C:\Program Files (x86)\Microsoft SQL Server\120\Tools\Binn\;C:\Program Files\Microsoft SQL Server\120\Tools\Binn\;C:\Program Files (x86)\Microsoft SQL Server\120\Tools\Binn\ManagementStudio\;C:\Program Files (x86)\Microsoft SQL Server\120\DTS\Binn\;C:\Program Files (x86)\Windows Live\Shared;C:\Program Files (x86)\Microsoft SDKs\TypeScript\1.0\;C:\Program Files (x86)\Common Files\lenovo\easyplussdk\bin;C:\Program Files\nodejs\;C:\Program Files\MATLAB\R2013a\runtime\win64;C:\Program Files\MATLAB\R2013a\bin;C:\Program Files\Perforce;;C:\Users\Antonio\AppData\Local\Code\bin;C:\Users\Antonio\AppData\Roaming\npm;C:\Users\Antonio\Desktop\eclipse-java-luna-SR2-win32-x86_64\eclipse;
USERNAME=Antonio
OS=Windows_NT
PROCESSOR_IDENTIFIER=Intel64 Family 6 Model 58 Stepping 9, GenuineIntel



---------------  S Y S T E M  ---------------

OS: Windows 8.1 , 64 bit Build 9600 (6.3.9600.17415)

CPU:total 4 (2 cores per cpu, 2 threads per core) family 6 model 58 stepping 9, cmov, cx8, fxsr, mmx, sse, sse2, sse3, ssse3, sse4.1, sse4.2, popcnt, avx, aes, clmul, erms, ht, tsc, tscinvbit, tscinv

Memory: 4k page, physical 7943672k(2486520k free), swap 10696184k(2088572k free)

vm_info: Java HotSpot(TM) 64-Bit Server VM (25.45-b02) for windows-amd64 JRE (1.8.0_45-b15), built on Apr 30 2015 12:40:44 by "java_re" with MS VC++ 10.0 (VS2010)

time: Thu Jul 16 00:35:06 2015
elapsed time: 4180 seconds (0d 1h 9m 40s)

